<?xml version="1.0" encoding="UTF-8"?>
<!-- Generated by org.testng.reporters.JUnitReportReporter -->
<testsuite skipped="0" hostname="SSW" name="com.BMCME.debug.login" tests="1" failures="0" timestamp="2021-08-20T18:23:26 IST" time="56.491" errors="0">
  <testcase name="Login" time="56.491" classname="com.BMCME.debug.login"/>
  <system-out>
    <![CDATA[====Login  Started====
====Logged in Successfully====]]>
  </system-out>
</testsuite> <!-- com.BMCME.debug.login -->
